INFO main by.bsu.up.chat.Launcher - Port is not specified. Starting Server on default port 8080
INFO main by.bsu.up.chat.Launcher - Starting server on localhost...
ERROR main by.bsu.up.chat.Launcher - Could not launch server
java.net.BindException: Address already in use: bind
	at sun.nio.ch.Net.bind0(Native Method)
	at sun.nio.ch.Net.bind(Net.java:433)
	at sun.nio.ch.Net.bind(Net.java:425)
	at sun.nio.ch.ServerSocketChannelImpl.bind(ServerSocketChannelImpl.java:223)
	at sun.nio.ch.ServerSocketAdaptor.bind(ServerSocketAdaptor.java:74)
	at sun.net.httpserver.ServerImpl.<init>(ServerImpl.java:100)
	at sun.net.httpserver.HttpServerImpl.<init>(HttpServerImpl.java:50)
	at sun.net.httpserver.DefaultHttpServerProvider.createHttpServer(DefaultHttpServerProvider.java:35)
	at com.sun.net.httpserver.HttpServer.create(HttpServer.java:130)
	at by.bsu.up.chat.Launcher.launchServer(Launcher.java:63)
	at by.bsu.up.chat.Launcher.main(Launcher.java:30)
	at sun.reflect.NativeMethodAccessorImpl.invoke0(Native Method)
	at sun.reflect.NativeMethodAccessorImpl.invoke(NativeMethodAccessorImpl.java:62)
	at sun.reflect.DelegatingMethodAccessorImpl.invoke(DelegatingMethodAccessorImpl.java:43)
	at java.lang.reflect.Method.invoke(Method.java:498)
	at com.intellij.rt.execution.application.AppMain.main(AppMain.java:144)
INFO main by.bsu.up.chat.Launcher - Port is not specified. Starting Server on default port 9081
INFO main by.bsu.up.chat.Launcher - Starting server on localhost...
INFO main by.bsu.up.chat.Launcher - Server started.
INFO main by.bsu.up.chat.Launcher - Get list of messages: GET http://192.168.0.102:9081/chat?token={token}
INFO main by.bsu.up.chat.Launcher - Send message: POST http://192.168.0.102:9081/chat provide body json in format {"id" : "1", "author":"User1", "text":"Hello, all!", "timestamp":1459169330000}
INFO main by.bsu.up.chat.storage.InMemoryMessageStorage - Read messages from: test.txt
